# JRE version: Java(TM) SE Runtime Environment (8.0_66-b17) (build 1.8.0_66-b17)
# Java VM: Java HotSpot(TM) 64-Bit Server VM (25.66-b17 mixed mode linux-amd64 compressed oops)
Heap:
 PSYoungGen      total 311296K, used 21379K [0x00000000eab00000, 0x0000000100000000, 0x0000000100000000)
  eden space 274432K, 7% used [0x00000000eab00000,0x00000000ebfe0ef0,0x00000000fb700000)
  from space 36864K, 0% used [0x00000000fdc00000,0x00000000fdc00000,0x0000000100000000)
  to   space 37376K, 0% used [0x00000000fb700000,0x00000000fb700000,0x00000000fdb80000)
 ParOldGen       total 349696K, used 29178K [0x00000000c0000000, 0x00000000d5580000, 0x00000000eab00000)
  object space 349696K, 8% used [0x00000000c0000000,0x00000000c1c7e9c0,0x00000000d5580000)
 Metaspace       used 53293K, capacity 56994K, committed 57128K, reserved 1099776K
  class space    used 6330K, capacity 7368K, committed 7464K, reserved 1048576K
GC Heap History (10 events):
Event: 68.508 GC heap before
{Heap before GC invocations=12 (full 4):
 PSYoungGen      total 313344K, used 10799K [0x00000000eab00000, 0x0000000100000000, 0x0000000100000000)
  eden space 279552K, 0% used [0x00000000eab00000,0x00000000eab00000,0x00000000fbc00000)
  from space 33792K, 31% used [0x00000000fdf00000,0x00000000fe98bc70,0x0000000100000000)
  to   space 34816K, 0% used [0x00000000fbc00000,0x00000000fbc00000,0x00000000fde00000)
 ParOldGen       total 349696K, used 24980K [0x00000000c0000000, 0x00000000d5580000, 0x00000000eab00000)
  object space 349696K, 7% used [0x00000000c0000000,0x00000000c18653a0,0x00000000d5580000)
 Metaspace       used 52451K, capacity 56030K, committed 56232K, reserved 1097728K
  class space    used 6220K, capacity 7257K, committed 7336K, reserved 1048576K
Event: 68.656 GC heap after
Heap after GC invocations=12 (full 4):
 PSYoungGen      total 313344K, used 0K [0x00000000eab00000, 0x0000000100000000, 0x0000000100000000)
  eden space 279552K, 0% used [0x00000000eab00000,0x00000000eab00000,0x00000000fbc00000)
  from space 33792K, 0% used [0x00000000fdf00000,0x00000000fdf00000,0x0000000100000000)
  to   space 34816K, 0% used [0x00000000fbc00000,0x00000000fbc00000,0x00000000fde00000)
 ParOldGen       total 349696K, used 33502K [0x00000000c0000000, 0x00000000d5580000, 0x00000000eab00000)
  object space 349696K, 9% used [0x00000000c0000000,0x00000000c20b7838,0x00000000d5580000)
 Metaspace       used 52451K, capacity 56030K, committed 56232K, reserved 1097728K
  class space    used 6220K, capacity 7257K, committed 7336K, reserved 1048576K
}
Event: 69.600 GC heap before
{Heap before GC invocations=13 (full 4):
 PSYoungGen      total 313344K, used 185761K [0x00000000eab00000, 0x0000000100000000, 0x0000000100000000)
  eden space 279552K, 66% used [0x00000000eab00000,0x00000000f6068640,0x00000000fbc00000)
  from space 33792K, 0% used [0x00000000fdf00000,0x00000000fdf00000,0x0000000100000000)
  to   space 34816K, 0% used [0x00000000fbc00000,0x00000000fbc00000,0x00000000fde00000)
 ParOldGen       total 349696K, used 33502K [0x00000000c0000000, 0x00000000d5580000, 0x00000000eab00000)
  object space 349696K, 9% used [0x00000000c0000000,0x00000000c20b7838,0x00000000d5580000)
 Metaspace       used 52454K, capacity 56036K, committed 56232K, reserved 1097728K
  class space    used 6220K, capacity 7258K, committed 7336K, reserved 1048576K
Event: 69.606 GC heap after
Heap after GC invocations=13 (full 4):
 PSYoungGen      total 282624K, used 2884K [0x00000000eab00000, 0x0000000100000000, 0x0000000100000000)
  eden space 279552K, 0% used [0x00000000eab00000,0x00000000eab00000,0x00000000fbc00000)
  from space 3072K, 93% used [0x00000000fbc00000,0x00000000fbed10a8,0x00000000fbf00000)
  to   space 36864K, 0% used [0x00000000fdc00000,0x00000000fdc00000,0x0000000100000000)
 ParOldGen       total 349696K, used 33502K [0x00000000c0000000, 0x00000000d5580000, 0x00000000eab00000)
  object space 349696K, 9% used [0x00000000c0000000,0x00000000c20b7838,0x00000000d5580000)
 Metaspace       used 52454K, capacity 56036K, committed 56232K, reserved 1097728K
  class space    used 6220K, capacity 7258K, committed 7336K, reserved 1048576K
}
Event: 69.606 GC heap before
{Heap before GC invocations=14 (full 5):
 PSYoungGen      total 282624K, used 2884K [0x00000000eab00000, 0x0000000100000000, 0x0000000100000000)
  eden space 279552K, 0% used [0x00000000eab00000,0x00000000eab00000,0x00000000fbc00000)
  from space 3072K, 93% used [0x00000000fbc00000,0x00000000fbed10a8,0x00000000fbf00000)
  to   space 36864K, 0% used [0x00000000fdc00000,0x00000000fdc00000,0x0000000100000000)
 ParOldGen       total 349696K, used 33502K [0x00000000c0000000, 0x00000000d5580000, 0x00000000eab00000)
  object space 349696K, 9% used [0x00000000c0000000,0x00000000c20b7838,0x00000000d5580000)
 Metaspace       used 52454K, capacity 56036K, committed 56232K, reserved 1097728K
  class space    used 6220K, capacity 7258K, committed 7336K, reserved 1048576K
Event: 69.694 GC heap after
Heap after GC invocations=14 (full 5):
 PSYoungGen      total 282624K, used 0K [0x00000000eab00000, 0x0000000100000000, 0x0000000100000000)
  eden space 279552K, 0% used [0x00000000eab00000,0x00000000eab00000,0x00000000fbc00000)
  from space 3072K, 0% used [0x00000000fbc00000,0x00000000fbc00000,0x00000000fbf00000)
  to   space 36864K, 0% used [0x00000000fdc00000,0x00000000fdc00000,0x0000000100000000)
 ParOldGen       total 349696K, used 26455K [0x00000000c0000000, 0x00000000d5580000, 0x00000000eab00000)
  object space 349696K, 7% used [0x00000000c0000000,0x00000000c19d5fb0,0x00000000d5580000)
 Metaspace       used 52454K, capacity 56036K, committed 56232K, reserved 1097728K
  class space    used 6220K, capacity 7258K, committed 7336K, reserved 1048576K
}
Event: 70.558 GC heap before
{Heap before GC invocations=15 (full 5):
 PSYoungGen      total 282624K, used 49870K [0x00000000eab00000, 0x0000000100000000, 0x0000000100000000)
  eden space 279552K, 17% used [0x00000000eab00000,0x00000000edbb38e8,0x00000000fbc00000)
  from space 3072K, 0% used [0x00000000fbc00000,0x00000000fbc00000,0x00000000fbf00000)
  to   space 36864K, 0% used [0x00000000fdc00000,0x00000000fdc00000,0x0000000100000000)
 ParOldGen       total 349696K, used 26455K [0x00000000c0000000, 0x00000000d5580000, 0x00000000eab00000)
  object space 349696K, 7% used [0x00000000c0000000,0x00000000c19d5fb0,0x00000000d5580000)
 Metaspace       used 52457K, capacity 56100K, committed 56232K, reserved 1097728K
  class space    used 6220K, capacity 7258K, committed 7336K, reserved 1048576K
Event: 70.561 GC heap after
Heap after GC invocations=15 (full 5):
 PSYoungGen      total 311296K, used 5784K [0x00000000eab00000, 0x0000000100000000, 0x0000000100000000)
  eden space 274432K, 0% used [0x00000000eab00000,0x00000000eab00000,0x00000000fb700000)
  from space 36864K, 15% used [0x00000000fdc00000,0x00000000fe1a62b8,0x0000000100000000)
  to   space 37376K, 0% used [0x00000000fb700000,0x00000000fb700000,0x00000000fdb80000)
 ParOldGen       total 349696K, used 26463K [0x00000000c0000000, 0x00000000d5580000, 0x00000000eab00000)
  object space 349696K, 7% used [0x00000000c0000000,0x00000000c19d7fb0,0x00000000d5580000)
 Metaspace       used 52457K, capacity 56100K, committed 56232K, reserved 1097728K
  class space    used 6220K, capacity 7258K, committed 7336K, reserved 1048576K
}
Event: 70.561 GC heap before
{Heap before GC invocations=16 (full 6):
 PSYoungGen      total 311296K, used 5784K [0x00000000eab00000, 0x0000000100000000, 0x0000000100000000)
  eden space 274432K, 0% used [0x00000000eab00000,0x00000000eab00000,0x00000000fb700000)
  from space 36864K, 15% used [0x00000000fdc00000,0x00000000fe1a62b8,0x0000000100000000)
  to   space 37376K, 0% used [0x00000000fb700000,0x00000000fb700000,0x00000000fdb80000)
 ParOldGen       total 349696K, used 26463K [0x00000000c0000000, 0x00000000d5580000, 0x00000000eab00000)
  object space 349696K, 7% used [0x00000000c0000000,0x00000000c19d7fb0,0x00000000d5580000)
 Metaspace       used 52457K, capacity 56100K, committed 56232K, reserved 1097728K
  class space    used 6220K, capacity 7258K, committed 7336K, reserved 1048576K
Event: 70.632 GC heap after
Heap after GC invocations=16 (full 6):
 PSYoungGen      total 311296K, used 0K [0x00000000eab00000, 0x0000000100000000, 0x0000000100000000)
  eden space 274432K, 0% used [0x00000000eab00000,0x00000000eab00000,0x00000000fb700000)
  from space 36864K, 0% used [0x00000000fdc00000,0x00000000fdc00000,0x0000000100000000)
  to   space 37376K, 0% used [0x00000000fb700000,0x00000000fb700000,0x00000000fdb80000)
 ParOldGen       total 349696K, used 29178K [0x00000000c0000000, 0x00000000d5580000, 0x00000000eab00000)
  object space 349696K, 8% used [0x00000000c0000000,0x00000000c1c7e9c0,0x00000000d5580000)
 Metaspace       used 52457K, capacity 56100K, committed 56232K, reserved 1097728K
  class space    used 6220K, capacity 7258K, committed 7336K, reserved 1048576K
}

